<?xml version="1.0" encoding="UTF-8"?>
<!-- Generated by org.testng.reporters.JUnitReportReporter -->
<testsuite hostname="yes4me" name="com.thomas.tests.WebCalculator" tests="4" failures="0" timestamp="14 Oct 2015 03:51:31 GMT" time="63.151" errors="0">
  <testcase name="basicOperationUsingButtons" time="14.768" classname="com.thomas.tests.WebCalculator"/>
  <testcase name="basicOperationUsingButtons" time="16.668" classname="com.thomas.tests.WebCalculator"/>
  <testcase name="basicOperationUsingButtons" time="15.728" classname="com.thomas.tests.WebCalculator"/>
  <testcase name="basicOperationUsingButtons" time="15.987" classname="com.thomas.tests.WebCalculator"/>
</testsuite> <!-- com.thomas.tests.WebCalculator -->
