<?xml version="1.0" encoding="UTF-8"?>
<!-- Generated by org.testng.reporters.JUnitReportReporter -->
<testsuite hostname="yes4me" name="com.thomas.tests.WebCalculator" tests="8" failures="0" timestamp="14 Oct 2015 19:29:20 GMT" time="102.050" errors="0">
  <testcase name="basicOperationUsingConsole" time="11.690" classname="com.thomas.tests.WebCalculator"/>
  <testcase name="basicOperationUsingButtons" time="13.653" classname="com.thomas.tests.WebCalculator"/>
  <testcase name="basicOperationUsingConsole" time="11.737" classname="com.thomas.tests.WebCalculator"/>
  <testcase name="basicOperationUsingButtons" time="13.800" classname="com.thomas.tests.WebCalculator"/>
  <testcase name="basicOperationUsingConsole" time="12.117" classname="com.thomas.tests.WebCalculator"/>
  <testcase name="basicOperationUsingButtons" time="14.436" classname="com.thomas.tests.WebCalculator"/>
  <testcase name="basicOperationUsingButtons" time="12.950" classname="com.thomas.tests.WebCalculator"/>
  <testcase name="basicOperationUsingConsole" time="11.667" classname="com.thomas.tests.WebCalculator"/>
</testsuite> <!-- com.thomas.tests.WebCalculator -->
